# JRE version: Java(TM) SE Runtime Environment (8.0_45-b15) (build 1.8.0_45-b15)
# Java VM: Java HotSpot(TM) 64-Bit Server VM (25.45-b02 mixed mode windows-amd64 compressed oops)
Heap:
 PSYoungGen      total 141824K, used 17243K [0x000000076af80000, 0x0000000774480000, 0x00000007c0000000)
  eden space 131072K, 8% used [0x000000076af80000,0x000000076bad8ea0,0x0000000772f80000)
  from space 10752K, 52% used [0x0000000772f80000,0x00000007734fe020,0x0000000773a00000)
  to   space 10752K, 0% used [0x0000000773a00000,0x0000000773a00000,0x0000000774480000)
 ParOldGen       total 175104K, used 55450K [0x00000006c0e00000, 0x00000006cb900000, 0x000000076af80000)
  object space 175104K, 31% used [0x00000006c0e00000,0x00000006c4426848,0x00000006cb900000)
 Metaspace       used 9223K, capacity 9434K, committed 9728K, reserved 1058816K
  class space    used 1138K, capacity 1222K, committed 1280K, reserved 1048576K
GC Heap History (10 events):
Event: 0.863 GC heap before
{Heap before GC invocations=3 (full 0):
 PSYoungGen      total 76288K, used 75092K [0x000000076af80000, 0x0000000774480000, 0x00000007c0000000)
  eden space 65536K, 100% used [0x000000076af80000,0x000000076ef80000,0x000000076ef80000)
  from space 10752K, 88% used [0x000000076fa00000,0x0000000770355040,0x0000000770480000)
  to   space 10752K, 0% used [0x000000076ef80000,0x000000076ef80000,0x000000076fa00000)
 ParOldGen       total 175104K, used 13516K [0x00000006c0e00000, 0x00000006cb900000, 0x000000076af80000)
  object space 175104K, 7% used [0x00000006c0e00000,0x00000006c1b33050,0x00000006cb900000)
 Metaspace       used 8722K, capacity 8974K, committed 9216K, reserved 1056768K
  class space    used 1058K, capacity 1156K, committed 1280K, reserved 1048576K
Event: 0.871 GC heap after
Heap after GC invocations=3 (full 0):
 PSYoungGen      total 76288K, used 9540K [0x000000076af80000, 0x0000000774480000, 0x00000007c0000000)
  eden space 65536K, 0% used [0x000000076af80000,0x000000076af80000,0x000000076ef80000)
  from space 10752K, 88% used [0x000000076ef80000,0x000000076f8d1050,0x000000076fa00000)
  to   space 10752K, 0% used [0x0000000773a00000,0x0000000773a00000,0x0000000774480000)
 ParOldGen       total 175104K, used 29724K [0x00000006c0e00000, 0x00000006cb900000, 0x000000076af80000)
  object space 175104K, 16% used [0x00000006c0e00000,0x00000006c2b070b0,0x00000006cb900000)
 Metaspace       used 8722K, capacity 8974K, committed 9216K, reserved 1056768K
  class space    used 1058K, capacity 1156K, committed 1280K, reserved 1048576K
}
Event: 0.923 GC heap before
{Heap before GC invocations=4 (full 0):
 PSYoungGen      total 76288K, used 73669K [0x000000076af80000, 0x0000000774480000, 0x00000007c0000000)
  eden space 65536K, 97% used [0x000000076af80000,0x000000076ee206d8,0x000000076ef80000)
  from space 10752K, 88% used [0x000000076ef80000,0x000000076f8d1050,0x000000076fa00000)
  to   space 10752K, 0% used [0x0000000773a00000,0x0000000773a00000,0x0000000774480000)
 ParOldGen       total 175104K, used 29724K [0x00000006c0e00000, 0x00000006cb900000, 0x000000076af80000)
  object space 175104K, 16% used [0x00000006c0e00000,0x00000006c2b070b0,0x00000006cb900000)
 Metaspace       used 8722K, capacity 8974K, committed 9216K, reserved 1056768K
  class space    used 1058K, capacity 1156K, committed 1280K, reserved 1048576K
Event: 0.927 GC heap after
Heap after GC invocations=4 (full 0):
 PSYoungGen      total 141824K, used 9540K [0x000000076af80000, 0x0000000774480000, 0x00000007c0000000)
  eden space 131072K, 0% used [0x000000076af80000,0x000000076af80000,0x0000000772f80000)
  from space 10752K, 88% used [0x0000000773a00000,0x0000000774351050,0x0000000774480000)
  to   space 10752K, 0% used [0x0000000772f80000,0x0000000772f80000,0x0000000773a00000)
 ParOldGen       total 175104K, used 29724K [0x00000006c0e00000, 0x00000006cb900000, 0x000000076af80000)
  object space 175104K, 16% used [0x00000006c0e00000,0x00000006c2b070b0,0x00000006cb900000)
 Metaspace       used 8722K, capacity 8974K, committed 9216K, reserved 1056768K
  class space    used 1058K, capacity 1156K, committed 1280K, reserved 1048576K
}
Event: 1.049 GC heap before
{Heap before GC invocations=5 (full 0):
 PSYoungGen      total 141824K, used 140612K [0x000000076af80000, 0x0000000774480000, 0x00000007c0000000)
  eden space 131072K, 100% used [0x000000076af80000,0x0000000772f80000,0x0000000772f80000)
  from space 10752K, 88% used [0x0000000773a00000,0x0000000774351050,0x0000000774480000)
  to   space 10752K, 0% used [0x0000000772f80000,0x0000000772f80000,0x0000000773a00000)
 ParOldGen       total 175104K, used 29724K [0x00000006c0e00000, 0x00000006cb900000, 0x000000076af80000)
  object space 175104K, 16% used [0x00000006c0e00000,0x00000006c2b070b0,0x00000006cb900000)
 Metaspace       used 8722K, capacity 8974K, committed 9216K, reserved 1056768K
  class space    used 1058K, capacity 1156K, committed 1280K, reserved 1048576K
Event: 1.057 GC heap after
Heap after GC invocations=5 (full 0):
 PSYoungGen      total 141824K, used 9588K [0x000000076af80000, 0x0000000774480000, 0x00000007c0000000)
  eden space 131072K, 0% used [0x000000076af80000,0x000000076af80000,0x0000000772f80000)
  from space 10752K, 89% used [0x0000000772f80000,0x00000007738dd040,0x0000000773a00000)
  to   space 10752K, 0% used [0x0000000773a00000,0x0000000773a00000,0x0000000774480000)
 ParOldGen       total 175104K, used 40524K [0x00000006c0e00000, 0x00000006cb900000, 0x000000076af80000)
  object space 175104K, 23% used [0x00000006c0e00000,0x00000006c35930f0,0x00000006cb900000)
 Metaspace       used 8722K, capacity 8974K, committed 9216K, reserved 1056768K
  class space    used 1058K, capacity 1156K, committed 1280K, reserved 1048576K
}
Event: 1.134 GC heap before
{Heap before GC invocations=6 (full 0):
 PSYoungGen      total 141824K, used 140660K [0x000000076af80000, 0x0000000774480000, 0x00000007c0000000)
  eden space 131072K, 100% used [0x000000076af80000,0x0000000772f80000,0x0000000772f80000)
  from space 10752K, 89% used [0x0000000772f80000,0x00000007738dd040,0x0000000773a00000)
  to   space 10752K, 0% used [0x0000000773a00000,0x0000000773a00000,0x0000000774480000)
 ParOldGen       total 175104K, used 40524K [0x00000006c0e00000, 0x00000006cb900000, 0x000000076af80000)
  object space 175104K, 23% used [0x00000006c0e00000,0x00000006c35930f0,0x00000006cb900000)
 Metaspace       used 8726K, capacity 8974K, committed 9216K, reserved 1056768K
  class space    used 1058K, capacity 1156K, committed 1280K, reserved 1048576K
Event: 1.140 GC heap after
Heap after GC invocations=6 (full 0):
 PSYoungGen      total 141824K, used 9588K [0x000000076af80000, 0x0000000774480000, 0x00000007c0000000)
  eden space 131072K, 0% used [0x000000076af80000,0x000000076af80000,0x0000000772f80000)
  from space 10752K, 89% used [0x0000000773a00000,0x000000077435d040,0x0000000774480000)
  to   space 10752K, 0% used [0x0000000772f80000,0x0000000772f80000,0x0000000773a00000)
 ParOldGen       total 175104K, used 54024K [0x00000006c0e00000, 0x00000006cb900000, 0x000000076af80000)
  object space 175104K, 30% used [0x00000006c0e00000,0x00000006c42c2140,0x00000006cb900000)
 Metaspace       used 8726K, capacity 8974K, committed 9216K, reserved 1056768K
  class space    used 1058K, capacity 1156K, committed 1280K, reserved 1048576K
}
Event: 1.261 GC heap before
{Heap before GC invocations=7 (full 0):
 PSYoungGen      total 141824K, used 140660K [0x000000076af80000, 0x0000000774480000, 0x00000007c0000000)
  eden space 131072K, 100% used [0x000000076af80000,0x0000000772f80000,0x0000000772f80000)
  from space 10752K, 89% used [0x0000000773a00000,0x000000077435d040,0x0000000774480000)
  to   space 10752K, 0% used [0x0000000772f80000,0x0000000772f80000,0x0000000773a00000)
 ParOldGen       total 175104K, used 54024K [0x00000006c0e00000, 0x00000006cb900000, 0x000000076af80000)
  object space 175104K, 30% used [0x00000006c0e00000,0x00000006c42c2140,0x00000006cb900000)
 Metaspace       used 9165K, capacity 9370K, committed 9472K, reserved 1056768K
  class space    used 1135K, capacity 1222K, committed 1280K, reserved 1048576K
Event: 1.263 GC heap after
Heap after GC invocations=7 (full 0):
 PSYoungGen      total 141824K, used 5624K [0x000000076af80000, 0x0000000774480000, 0x00000007c0000000)
  eden space 131072K, 0% used [0x000000076af80000,0x000000076af80000,0x0000000772f80000)
  from space 10752K, 52% used [0x0000000772f80000,0x00000007734fe020,0x0000000773a00000)
  to   space 10752K, 0% used [0x0000000773a00000,0x0000000773a00000,0x0000000774480000)
 ParOldGen       total 175104K, used 55450K [0x00000006c0e00000, 0x00000006cb900000, 0x000000076af80000)
  object space 175104K, 31% used [0x00000006c0e00000,0x00000006c4426848,0x00000006cb900000)
 Metaspace       used 9165K, capacity 9370K, committed 9472K, reserved 1056768K
  class space    used 1135K, capacity 1222K, committed 1280K, reserved 1048576K
}

